2024-01-17 00:19:57,780 INFO c.a.B.BookReviewGradApplication [restartedMain] Starting BookReviewGradApplication using Java 17.0.7 with PID 25936 (C:\Users\oluwaseyi.akinbobola\Desktop\Java Projects\BookReviewGrad\build\classes\java\main started by Oluwaseyi.Akinbobola in C:\Users\oluwaseyi.akinbobola\Desktop\Java Projects\BookReviewGrad)
2024-01-17 00:19:57,793 DEBUG c.a.B.BookReviewGradApplication [restartedMain] Running with Spring Boot v3.1.2, Spring v6.0.11
2024-01-17 00:19:57,794 INFO c.a.B.BookReviewGradApplication [restartedMain] The following 1 profile is active: "BookReviewGrad"
2024-01-17 00:20:00,057 ERROR o.s.b.d.LoggingFailureAnalysisReporter [restartedMain] 

***************************
APPLICATION FAILED TO START
***************************

Description:

An attempt was made to call a method that does not exist. The attempt was made from the following location:

    org.springframework.boot.autoconfigure.flyway.FlywayAutoConfiguration$FlywayConfiguration.configureProperties(FlywayAutoConfiguration.java:254)

The following method did not exist:

    'org.flywaydb.core.api.configuration.FluentConfiguration org.flywaydb.core.api.configuration.FluentConfiguration.licenseKey(java.lang.String)'

The calling method's class, org.springframework.boot.autoconfigure.flyway.FlywayAutoConfiguration$FlywayConfiguration, was loaded from the following location:

    jar:file:/C:/Users/oluwaseyi.akinbobola/.gradle/caches/modules-2/files-2.1/org.springframework.boot/spring-boot-autoconfigure/3.1.2/ea294976f925441fc1d5a5414d5d31717f06aa3c/spring-boot-autoconfigure-3.1.2.jar!/org/springframework/boot/autoconfigure/flyway/FlywayAutoConfiguration$FlywayConfiguration.class

The called method's class, org.flywaydb.core.api.configuration.FluentConfiguration, is available from the following locations:

    jar:file:/C:/Users/oluwaseyi.akinbobola/.gradle/caches/modules-2/files-2.1/org.flywaydb/flyway-core/10.5.0/847356ddc4c2e67824f4f7edbc1743c2c41b3935/flyway-core-10.5.0.jar!/org/flywaydb/core/api/configuration/FluentConfiguration.class

The called method's class hierarchy was loaded from the following locations:

    org.flywaydb.core.api.configuration.FluentConfiguration: file:/C:/Users/oluwaseyi.akinbobola/.gradle/caches/modules-2/files-2.1/org.flywaydb/flyway-core/10.5.0/847356ddc4c2e67824f4f7edbc1743c2c41b3935/flyway-core-10.5.0.jar


Action:

Correct the classpath of your application so that it contains compatible versions of the classes org.springframework.boot.autoconfigure.flyway.FlywayAutoConfiguration$FlywayConfiguration and org.flywaydb.core.api.configuration.FluentConfiguration

